<?xml version="1.0" encoding="UTF-8"?>
<!-- Generated by org.testng.reporters.JUnitReportReporter -->
<testsuite hostname="Lenovo" name="org.testng.SampleTest" tests="1" failures="0" timestamp="26 Jan 2020 17:22:35 GMT" time="0.015" errors="0">
  <testcase name="test" time="0.015" classname="org.testng.SampleTest"/>
</testsuite> <!-- org.testng.SampleTest -->
