<?xml version="1.0" encoding="UTF-8"?>
<!-- Generated by org.testng.reporters.JUnitReportReporter -->
<testsuite hostname="Lenovo" name="org.testng.OrderofAnnotation" tests="4" failures="0" timestamp="26 Jan 2020 17:22:35 GMT" time="0.016" errors="0">
  <testcase name="Test1" time="0.000" classname="org.testng.OrderofAnnotation"/>
  <testcase name="test0" time="0.000" classname="org.testng.OrderofAnnotation"/>
  <testcase name="test4" time="0.000" classname="org.testng.OrderofAnnotation"/>
  <testcase name="test2" time="0.016" classname="org.testng.OrderofAnnotation"/>
</testsuite> <!-- org.testng.OrderofAnnotation -->
